<?xml version="1.0" encoding="UTF-8"?>
<!-- Generated by org.testng.reporters.JUnitXMLReporter -->
<testsuite ignored="0" hostname="NavinSampath" failures="1" tests="4" name="Test" time="0.063" errors="0" timestamp="02 Jun 2023 02:46:45 GMT">
  <testcase classname="Day17.TestNG" name="logintc01" time="0.017">
    <failure type="java.lang.RuntimeException">
      <![CDATA[java.lang.RuntimeException
at Day17.TestNG.logintc01(TestNG.java:14)
... Removed 23 stack frames]]>
    </failure>
  </testcase> <!-- logintc01 -->
  <testcase classname="Day17.TestNG" name="checkouttc03" time="0.0">
    <skipped/>
  </testcase> <!-- checkouttc03 -->
  <testcase classname="Day17.TestNG" name="hometc02" time="0.0">
    <skipped/>
  </testcase> <!-- hometc02 -->
  <testcase classname="Day17.TestNG" name="productinfotc04" time="0.0">
    <skipped/>
  </testcase> <!-- productinfotc04 -->
</testsuite> <!-- Test -->
