<?xml version="1.0" encoding="UTF-8"?>
<testng-results ignored="0" total="1" passed="1" failed="0" skipped="0">
  <reporter-output>
  </reporter-output>
  <suite started-at="2023-06-05T03:05:42Z" name="Default suite" finished-at="2023-06-05T03:05:49Z" duration-ms="6739">
    <groups>
    </groups>
    <test started-at="2023-06-05T03:05:42Z" name="Default test" finished-at="2023-06-05T03:05:49Z" duration-ms="6739">
      <class name="POM.Pom">
        <test-method is-config="true" signature="bt()[pri:0, instance:POM.Pom@35841320]" started-at="2023-06-05T03:05:42Z" name="bt" finished-at="2023-06-05T03:05:47Z" duration-ms="4867" status="PASS">
          <reporter-output>
          </reporter-output>
        </test-method> <!-- bt -->
        <test-method signature="tes()[pri:0, instance:POM.Pom@35841320]" started-at="2023-06-05T03:05:47Z" name="tes" finished-at="2023-06-05T03:05:48Z" duration-ms="1076" status="PASS">
          <reporter-output>
          </reporter-output>
        </test-method> <!-- tes -->
        <test-method is-config="true" signature="at()[pri:0, instance:POM.Pom@35841320]" started-at="2023-06-05T03:05:48Z" name="at" finished-at="2023-06-05T03:05:49Z" duration-ms="693" status="PASS">
          <reporter-output>
          </reporter-output>
        </test-method> <!-- at -->
      </class> <!-- POM.Pom -->
    </test> <!-- Default test -->
  </suite> <!-- Default suite -->
</testng-results>
